# JRE version: Java(TM) SE Runtime Environment (8.0_202-b08) (build 1.8.0_202-b08)
# Java VM: Java HotSpot(TM) 64-Bit Server VM (25.202-b08 mixed mode linux-amd64 compressed oops)
Heap:
 PSYoungGen      total 73728K, used 6425K [0x00000000f5580000, 0x00000000fe680000, 0x0000000100000000)
  eden space 64512K, 9% used [0x00000000f5580000,0x00000000f5bc6618,0x00000000f9480000)
  from space 9216K, 0% used [0x00000000fdd80000,0x00000000fdd80000,0x00000000fe680000)
  to   space 10240K, 0% used [0x00000000fd280000,0x00000000fd280000,0x00000000fdc80000)
 ParOldGen       total 108544K, used 8021K [0x00000000e0000000, 0x00000000e6a00000, 0x00000000f5580000)
  object space 108544K, 7% used [0x00000000e0000000,0x00000000e07d57c8,0x00000000e6a00000)
 Metaspace       used 23932K, capacity 24154K, committed 24448K, reserved 1071104K
  class space    used 3065K, capacity 3130K, committed 3200K, reserved 1048576K
GC Heap History (6 events):
Event: 0.555 GC heap before
{Heap before GC invocations=1 (full 0):
 PSYoungGen      total 74752K, used 64512K [0x00000000f5580000, 0x00000000fa880000, 0x0000000100000000)
  eden space 64512K, 100% used [0x00000000f5580000,0x00000000f9480000,0x00000000f9480000)
  from space 10240K, 0% used [0x00000000f9e80000,0x00000000f9e80000,0x00000000fa880000)
  to   space 10240K, 0% used [0x00000000f9480000,0x00000000f9480000,0x00000000f9e80000)
 ParOldGen       total 171008K, used 0K [0x00000000e0000000, 0x00000000ea700000, 0x00000000f5580000)
  object space 171008K, 0% used [0x00000000e0000000,0x00000000e0000000,0x00000000ea700000)
 Metaspace       used 14015K, capacity 14192K, committed 14336K, reserved 1062912K
  class space    used 1738K, capacity 1788K, committed 1792K, reserved 1048576K
Event: 0.562 GC heap after
Heap after GC invocations=1 (full 0):
 PSYoungGen      total 74752K, used 8265K [0x00000000f5580000, 0x00000000fe780000, 0x0000000100000000)
  eden space 64512K, 0% used [0x00000000f5580000,0x00000000f5580000,0x00000000f9480000)
  from space 10240K, 80% used [0x00000000f9480000,0x00000000f9c927e0,0x00000000f9e80000)
  to   space 10240K, 0% used [0x00000000fdd80000,0x00000000fdd80000,0x00000000fe780000)
 ParOldGen       total 171008K, used 16K [0x00000000e0000000, 0x00000000ea700000, 0x00000000f5580000)
  object space 171008K, 0% used [0x00000000e0000000,0x00000000e0004000,0x00000000ea700000)
 Metaspace       used 14015K, capacity 14192K, committed 14336K, reserved 1062912K
  class space    used 1738K, capacity 1788K, committed 1792K, reserved 1048576K
}
Event: 2.073 GC heap before
{Heap before GC invocations=2 (full 0):
 PSYoungGen      total 74752K, used 64772K [0x00000000f5580000, 0x00000000fe780000, 0x0000000100000000)
  eden space 64512K, 87% used [0x00000000f5580000,0x00000000f8cae830,0x00000000f9480000)
  from space 10240K, 80% used [0x00000000f9480000,0x00000000f9c927e0,0x00000000f9e80000)
  to   space 10240K, 0% used [0x00000000fdd80000,0x00000000fdd80000,0x00000000fe780000)
 ParOldGen       total 171008K, used 16K [0x00000000e0000000, 0x00000000ea700000, 0x00000000f5580000)
  object space 171008K, 0% used [0x00000000e0000000,0x00000000e0004000,0x00000000ea700000)
 Metaspace       used 20824K, capacity 21010K, committed 21248K, reserved 1067008K
  class space    used 2686K, capacity 2765K, committed 2816K, reserved 1048576K
Event: 2.080 GC heap after
Heap after GC invocations=2 (full 0):
 PSYoungGen      total 73728K, used 8714K [0x00000000f5580000, 0x00000000fe680000, 0x0000000100000000)
  eden space 64512K, 0% used [0x00000000f5580000,0x00000000f5580000,0x00000000f9480000)
  from space 9216K, 94% used [0x00000000fdd80000,0x00000000fe602978,0x00000000fe680000)
  to   space 10240K, 0% used [0x00000000fd280000,0x00000000fd280000,0x00000000fdc80000)
 ParOldGen       total 171008K, used 88K [0x00000000e0000000, 0x00000000ea700000, 0x00000000f5580000)
  object space 171008K, 0% used [0x00000000e0000000,0x00000000e0016010,0x00000000ea700000)
 Metaspace       used 20824K, capacity 21010K, committed 21248K, reserved 1067008K
  class space    used 2686K, capacity 2765K, committed 2816K, reserved 1048576K
}
Event: 2.080 GC heap before
{Heap before GC invocations=3 (full 1):
 PSYoungGen      total 73728K, used 8714K [0x00000000f5580000, 0x00000000fe680000, 0x0000000100000000)
  eden space 64512K, 0% used [0x00000000f5580000,0x00000000f5580000,0x00000000f9480000)
  from space 9216K, 94% used [0x00000000fdd80000,0x00000000fe602978,0x00000000fe680000)
  to   space 10240K, 0% used [0x00000000fd280000,0x00000000fd280000,0x00000000fdc80000)
 ParOldGen       total 171008K, used 88K [0x00000000e0000000, 0x00000000ea700000, 0x00000000f5580000)
  object space 171008K, 0% used [0x00000000e0000000,0x00000000e0016010,0x00000000ea700000)
 Metaspace       used 20824K, capacity 21010K, committed 21248K, reserved 1067008K
  class space    used 2686K, capacity 2765K, committed 2816K, reserved 1048576K
Event: 2.103 GC heap after
Heap after GC invocations=3 (full 1):
 PSYoungGen      total 73728K, used 0K [0x00000000f5580000, 0x00000000fe680000, 0x0000000100000000)
  eden space 64512K, 0% used [0x00000000f5580000,0x00000000f5580000,0x00000000f9480000)
  from space 9216K, 0% used [0x00000000fdd80000,0x00000000fdd80000,0x00000000fe680000)
  to   space 10240K, 0% used [0x00000000fd280000,0x00000000fd280000,0x00000000fdc80000)
 ParOldGen       total 108544K, used 8021K [0x00000000e0000000, 0x00000000e6a00000, 0x00000000f5580000)
  object space 108544K, 7% used [0x00000000e0000000,0x00000000e07d57c8,0x00000000e6a00000)
 Metaspace       used 20824K, capacity 21010K, committed 21248K, reserved 1067008K
  class space    used 2686K, capacity 2765K, committed 2816K, reserved 1048576K
}

