# JRE version: Java(TM) SE Runtime Environment (8.0_202-b08) (build 1.8.0_202-b08)
# Java VM: Java HotSpot(TM) 64-Bit Server VM (25.202-b08 mixed mode linux-amd64 compressed oops)
Heap:
 PSYoungGen      total 139264K, used 10417K [0x00000000f5580000, 0x00000000fe780000, 0x0000000100000000)
  eden space 129024K, 8% used [0x00000000f5580000,0x00000000f5fac4d0,0x00000000fd380000)
  from space 10240K, 0% used [0x00000000fdd80000,0x00000000fdd80000,0x00000000fe780000)
  to   space 10240K, 0% used [0x00000000fd380000,0x00000000fd380000,0x00000000fdd80000)
 ParOldGen       total 112128K, used 8023K [0x00000000e0000000, 0x00000000e6d80000, 0x00000000f5580000)
  object space 112128K, 7% used [0x00000000e0000000,0x00000000e07d5c50,0x00000000e6d80000)
 Metaspace       used 23962K, capacity 24250K, committed 24704K, reserved 1071104K
  class space    used 3079K, capacity 3162K, committed 3200K, reserved 1048576K
GC Heap History (6 events):
Event: 0.542 GC heap before
{Heap before GC invocations=1 (full 0):
 PSYoungGen      total 74752K, used 64512K [0x00000000f5580000, 0x00000000fa880000, 0x0000000100000000)
  eden space 64512K, 100% used [0x00000000f5580000,0x00000000f9480000,0x00000000f9480000)
  from space 10240K, 0% used [0x00000000f9e80000,0x00000000f9e80000,0x00000000fa880000)
  to   space 10240K, 0% used [0x00000000f9480000,0x00000000f9480000,0x00000000f9e80000)
 ParOldGen       total 171008K, used 0K [0x00000000e0000000, 0x00000000ea700000, 0x00000000f5580000)
  object space 171008K, 0% used [0x00000000e0000000,0x00000000e0000000,0x00000000ea700000)
 Metaspace       used 14036K, capacity 14224K, committed 14464K, reserved 1062912K
  class space    used 1746K, capacity 1820K, committed 1920K, reserved 1048576K
Event: 0.550 GC heap after
Heap after GC invocations=1 (full 0):
 PSYoungGen      total 74752K, used 8285K [0x00000000f5580000, 0x00000000fe780000, 0x0000000100000000)
  eden space 64512K, 0% used [0x00000000f5580000,0x00000000f5580000,0x00000000f9480000)
  from space 10240K, 80% used [0x00000000f9480000,0x00000000f9c97768,0x00000000f9e80000)
  to   space 10240K, 0% used [0x00000000fdd80000,0x00000000fdd80000,0x00000000fe780000)
 ParOldGen       total 171008K, used 16K [0x00000000e0000000, 0x00000000ea700000, 0x00000000f5580000)
  object space 171008K, 0% used [0x00000000e0000000,0x00000000e0004000,0x00000000ea700000)
 Metaspace       used 14036K, capacity 14224K, committed 14464K, reserved 1062912K
  class space    used 1746K, capacity 1820K, committed 1920K, reserved 1048576K
}
Event: 0.925 GC heap before
{Heap before GC invocations=2 (full 0):
 PSYoungGen      total 74752K, used 64783K [0x00000000f5580000, 0x00000000fe780000, 0x0000000100000000)
  eden space 64512K, 87% used [0x00000000f5580000,0x00000000f8cac4f8,0x00000000f9480000)
  from space 10240K, 80% used [0x00000000f9480000,0x00000000f9c97768,0x00000000f9e80000)
  to   space 10240K, 0% used [0x00000000fdd80000,0x00000000fdd80000,0x00000000fe780000)
 ParOldGen       total 171008K, used 16K [0x00000000e0000000, 0x00000000ea700000, 0x00000000f5580000)
  object space 171008K, 0% used [0x00000000e0000000,0x00000000e0004000,0x00000000ea700000)
 Metaspace       used 20834K, capacity 21010K, committed 21248K, reserved 1067008K
  class space    used 2695K, capacity 2765K, committed 2816K, reserved 1048576K
Event: 0.932 GC heap after
Heap after GC invocations=2 (full 0):
 PSYoungGen      total 139264K, used 8516K [0x00000000f5580000, 0x00000000fe780000, 0x0000000100000000)
  eden space 129024K, 0% used [0x00000000f5580000,0x00000000f5580000,0x00000000fd380000)
  from space 10240K, 83% used [0x00000000fdd80000,0x00000000fe5d1078,0x00000000fe780000)
  to   space 10240K, 0% used [0x00000000fd380000,0x00000000fd380000,0x00000000fdd80000)
 ParOldGen       total 171008K, used 88K [0x00000000e0000000, 0x00000000ea700000, 0x00000000f5580000)
  object space 171008K, 0% used [0x00000000e0000000,0x00000000e0016010,0x00000000ea700000)
 Metaspace       used 20834K, capacity 21010K, committed 21248K, reserved 1067008K
  class space    used 2695K, capacity 2765K, committed 2816K, reserved 1048576K
}
Event: 0.932 GC heap before
{Heap before GC invocations=3 (full 1):
 PSYoungGen      total 139264K, used 8516K [0x00000000f5580000, 0x00000000fe780000, 0x0000000100000000)
  eden space 129024K, 0% used [0x00000000f5580000,0x00000000f5580000,0x00000000fd380000)
  from space 10240K, 83% used [0x00000000fdd80000,0x00000000fe5d1078,0x00000000fe780000)
  to   space 10240K, 0% used [0x00000000fd380000,0x00000000fd380000,0x00000000fdd80000)
 ParOldGen       total 171008K, used 88K [0x00000000e0000000, 0x00000000ea700000, 0x00000000f5580000)
  object space 171008K, 0% used [0x00000000e0000000,0x00000000e0016010,0x00000000ea700000)
 Metaspace       used 20834K, capacity 21010K, committed 21248K, reserved 1067008K
  class space    used 2695K, capacity 2765K, committed 2816K, reserved 1048576K
Event: 0.955 GC heap after
Heap after GC invocations=3 (full 1):
 PSYoungGen      total 139264K, used 0K [0x00000000f5580000, 0x00000000fe780000, 0x0000000100000000)
  eden space 129024K, 0% used [0x00000000f5580000,0x00000000f5580000,0x00000000fd380000)
  from space 10240K, 0% used [0x00000000fdd80000,0x00000000fdd80000,0x00000000fe780000)
  to   space 10240K, 0% used [0x00000000fd380000,0x00000000fd380000,0x00000000fdd80000)
 ParOldGen       total 112128K, used 8023K [0x00000000e0000000, 0x00000000e6d80000, 0x00000000f5580000)
  object space 112128K, 7% used [0x00000000e0000000,0x00000000e07d5c50,0x00000000e6d80000)
 Metaspace       used 20834K, capacity 21010K, committed 21248K, reserved 1067008K
  class space    used 2695K, capacity 2765K, committed 2816K, reserved 1048576K
}

