# JRE version: Java(TM) SE Runtime Environment (8.0_202-b08) (build 1.8.0_202-b08)
# Java VM: Java HotSpot(TM) 64-Bit Server VM (25.202-b08 mixed mode linux-amd64 compressed oops)
Heap:
 PSYoungGen      total 73216K, used 6426K [0x00000000f5580000, 0x00000000fe600000, 0x0000000100000000)
  eden space 64512K, 9% used [0x00000000f5580000,0x00000000f5bc6850,0x00000000f9480000)
  from space 8704K, 0% used [0x00000000fdd80000,0x00000000fdd80000,0x00000000fe600000)
  to   space 10240K, 0% used [0x00000000fd200000,0x00000000fd200000,0x00000000fdc00000)
 ParOldGen       total 106496K, used 8024K [0x00000000e0000000, 0x00000000e6800000, 0x00000000f5580000)
  object space 106496K, 7% used [0x00000000e0000000,0x00000000e07d60c0,0x00000000e6800000)
 Metaspace       used 23978K, capacity 24250K, committed 24704K, reserved 1071104K
  class space    used 3085K, capacity 3162K, committed 3200K, reserved 1048576K
GC Heap History (6 events):
Event: 0.539 GC heap before
{Heap before GC invocations=1 (full 0):
 PSYoungGen      total 74752K, used 64512K [0x00000000f5580000, 0x00000000fa880000, 0x0000000100000000)
  eden space 64512K, 100% used [0x00000000f5580000,0x00000000f9480000,0x00000000f9480000)
  from space 10240K, 0% used [0x00000000f9e80000,0x00000000f9e80000,0x00000000fa880000)
  to   space 10240K, 0% used [0x00000000f9480000,0x00000000f9480000,0x00000000f9e80000)
 ParOldGen       total 171008K, used 0K [0x00000000e0000000, 0x00000000ea700000, 0x00000000f5580000)
  object space 171008K, 0% used [0x00000000e0000000,0x00000000e0000000,0x00000000ea700000)
 Metaspace       used 14046K, capacity 14224K, committed 14464K, reserved 1062912K
  class space    used 1746K, capacity 1820K, committed 1920K, reserved 1048576K
Event: 0.548 GC heap after
Heap after GC invocations=1 (full 0):
 PSYoungGen      total 74752K, used 8249K [0x00000000f5580000, 0x00000000fe780000, 0x0000000100000000)
  eden space 64512K, 0% used [0x00000000f5580000,0x00000000f5580000,0x00000000f9480000)
  from space 10240K, 80% used [0x00000000f9480000,0x00000000f9c8e5e8,0x00000000f9e80000)
  to   space 10240K, 0% used [0x00000000fdd80000,0x00000000fdd80000,0x00000000fe780000)
 ParOldGen       total 171008K, used 16K [0x00000000e0000000, 0x00000000ea700000, 0x00000000f5580000)
  object space 171008K, 0% used [0x00000000e0000000,0x00000000e0004000,0x00000000ea700000)
 Metaspace       used 14046K, capacity 14224K, committed 14464K, reserved 1062912K
  class space    used 1746K, capacity 1820K, committed 1920K, reserved 1048576K
}
Event: 2.156 GC heap before
{Heap before GC invocations=2 (full 0):
 PSYoungGen      total 74752K, used 64746K [0x00000000f5580000, 0x00000000fe780000, 0x0000000100000000)
  eden space 64512K, 87% used [0x00000000f5580000,0x00000000f8cac4d8,0x00000000f9480000)
  from space 10240K, 80% used [0x00000000f9480000,0x00000000f9c8e5e8,0x00000000f9e80000)
  to   space 10240K, 0% used [0x00000000fdd80000,0x00000000fdd80000,0x00000000fe780000)
 ParOldGen       total 171008K, used 16K [0x00000000e0000000, 0x00000000ea700000, 0x00000000f5580000)
  object space 171008K, 0% used [0x00000000e0000000,0x00000000e0004000,0x00000000ea700000)
 Metaspace       used 20850K, capacity 21010K, committed 21248K, reserved 1067008K
  class space    used 2701K, capacity 2765K, committed 2816K, reserved 1048576K
Event: 2.164 GC heap after
Heap after GC invocations=2 (full 0):
 PSYoungGen      total 73216K, used 8651K [0x00000000f5580000, 0x00000000fe600000, 0x0000000100000000)
  eden space 64512K, 0% used [0x00000000f5580000,0x00000000f5580000,0x00000000f9480000)
  from space 8704K, 99% used [0x00000000fdd80000,0x00000000fe5f2d88,0x00000000fe600000)
  to   space 10240K, 0% used [0x00000000fd200000,0x00000000fd200000,0x00000000fdc00000)
 ParOldGen       total 171008K, used 88K [0x00000000e0000000, 0x00000000ea700000, 0x00000000f5580000)
  object space 171008K, 0% used [0x00000000e0000000,0x00000000e0016010,0x00000000ea700000)
 Metaspace       used 20850K, capacity 21010K, committed 21248K, reserved 1067008K
  class space    used 2701K, capacity 2765K, committed 2816K, reserved 1048576K
}
Event: 2.164 GC heap before
{Heap before GC invocations=3 (full 1):
 PSYoungGen      total 73216K, used 8651K [0x00000000f5580000, 0x00000000fe600000, 0x0000000100000000)
  eden space 64512K, 0% used [0x00000000f5580000,0x00000000f5580000,0x00000000f9480000)
  from space 8704K, 99% used [0x00000000fdd80000,0x00000000fe5f2d88,0x00000000fe600000)
  to   space 10240K, 0% used [0x00000000fd200000,0x00000000fd200000,0x00000000fdc00000)
 ParOldGen       total 171008K, used 88K [0x00000000e0000000, 0x00000000ea700000, 0x00000000f5580000)
  object space 171008K, 0% used [0x00000000e0000000,0x00000000e0016010,0x00000000ea700000)
 Metaspace       used 20850K, capacity 21010K, committed 21248K, reserved 1067008K
  class space    used 2701K, capacity 2765K, committed 2816K, reserved 1048576K
Event: 2.186 GC heap after
Heap after GC invocations=3 (full 1):
 PSYoungGen      total 73216K, used 0K [0x00000000f5580000, 0x00000000fe600000, 0x0000000100000000)
  eden space 64512K, 0% used [0x00000000f5580000,0x00000000f5580000,0x00000000f9480000)
  from space 8704K, 0% used [0x00000000fdd80000,0x00000000fdd80000,0x00000000fe600000)
  to   space 10240K, 0% used [0x00000000fd200000,0x00000000fd200000,0x00000000fdc00000)
 ParOldGen       total 106496K, used 8024K [0x00000000e0000000, 0x00000000e6800000, 0x00000000f5580000)
  object space 106496K, 7% used [0x00000000e0000000,0x00000000e07d60c0,0x00000000e6800000)
 Metaspace       used 20850K, capacity 21010K, committed 21248K, reserved 1067008K
  class space    used 2701K, capacity 2765K, committed 2816K, reserved 1048576K
}

